This is pdfTeX, Version 3.141592653-2.6-1.40.24 (TeX Live 2022) (preloaded format=pdflatex 2022.12.10)  21 FEB 2023 08:41
entering extended mode
 restricted \write18 enabled.
 %&-line parsing enabled.
**mcmthesis-demo.tex
(./mcmthesis-demo.tex
LaTeX2e <2021-11-15> patch level 1
L3 programming layer <2022-02-24> (./mcmthesis.cls
Document Class: mcmthesis 2021/01/05 v6.3.1 The Thesis Template Designed For MC
M/ICM
The Thesis Template Designed For MCM/ICM
(d:/exe/texlive/2022/texmf-dist/tex/latex/xkeyval/xkeyval.sty
Package: xkeyval 2020/11/20 v2.8 package option processing (HA)

(d:/exe/texlive/2022/texmf-dist/tex/generic/xkeyval/xkeyval.tex
(d:/exe/texlive/2022/texmf-dist/tex/generic/xkeyval/xkvutils.tex
\XKV@toks=\toks16
\XKV@tempa@toks=\toks17

(d:/exe/texlive/2022/texmf-dist/tex/generic/xkeyval/keyval.tex))
\XKV@depth=\count185
File: xkeyval.tex 2014/12/03 v2.7a key=value parser (HA)
))
(d:/exe/texlive/2022/texmf-dist/tex/latex/etoolbox/etoolbox.sty
Package: etoolbox 2020/10/05 v2.5k e-TeX tools for LaTeX (JAW)
\etb@tempcnta=\count186
)
(d:/exe/texlive/2022/texmf-dist/tex/latex/base/article.cls
Document Class: article 2021/10/04 v1.4n Standard LaTeX document class
(d:/exe/texlive/2022/texmf-dist/tex/latex/base/size12.clo
File: size12.clo 2021/10/04 v1.4n Standard LaTeX file (size option)
)
\c@part=\count187
\c@section=\count188
\c@subsection=\count189
\c@subsubsection=\count190
\c@paragraph=\count191
\c@subparagraph=\count192
\c@figure=\count193
\c@table=\count194
\abovecaptionskip=\skip47
\belowcaptionskip=\skip48
\bibindent=\dimen138
)
(d:/exe/texlive/2022/texmf-dist/tex/latex/fancyhdr/fancyhdr.sty
Package: fancyhdr 2021/01/28 v4.0.1 Extensive control of page headers and foote
rs
\f@nch@headwidth=\skip49
\f@nch@O@elh=\skip50
\f@nch@O@erh=\skip51
\f@nch@O@olh=\skip52
\f@nch@O@orh=\skip53
\f@nch@O@elf=\skip54
\f@nch@O@erf=\skip55
\f@nch@O@olf=\skip56
\f@nch@O@orf=\skip57
)
(d:/exe/texlive/2022/texmf-dist/tex/latex/fancybox/fancybox.sty
Package: fancybox 2010/05/15 1.4

Style option: `fancybox' v1.4 <2010/05/15> (tvz)
\@fancybox=\box50
\shadowsize=\dimen139
\@Sbox=\box51
\do@VerbBox=\toks18
\the@fancyput=\toks19
\this@fancyput=\toks20
\EndVerbatimTokens=\toks21
\Verbatim@Outfile=\write3
\Verbatim@Infile=\read2
) (d:/exe/texlive/2022/texmf-dist/tex/latex/base/ifthen.sty
Package: ifthen 2020/11/24 v1.1c Standard LaTeX ifthen package (DPC)
)
(d:/exe/texlive/2022/texmf-dist/tex/latex/lastpage/lastpage.sty
Package: lastpage 2021/09/03 v1.2n Refers to last page's name (HMM; JPG)
)
(d:/exe/texlive/2022/texmf-dist/tex/latex/listings/listings.sty
\lst@mode=\count195
\lst@gtempboxa=\box52
\lst@token=\toks22
\lst@length=\count196
\lst@currlwidth=\dimen140
\lst@column=\count197
\lst@pos=\count198
\lst@lostspace=\dimen141
\lst@width=\dimen142
\lst@newlines=\count199
\lst@lineno=\count266
\lst@maxwidth=\dimen143

(d:/exe/texlive/2022/texmf-dist/tex/latex/listings/lstmisc.sty
File: lstmisc.sty 2020/03/24 1.8d (Carsten Heinz)
\c@lstnumber=\count267
\lst@skipnumbers=\count268
\lst@framebox=\box53
)
(d:/exe/texlive/2022/texmf-dist/tex/latex/listings/listings.cfg
File: listings.cfg 2020/03/24 1.8d listings configuration
))
Package: listings 2020/03/24 1.8d (Carsten Heinz)

(d:/exe/texlive/2022/texmf-dist/tex/latex/appendix/appendix.sty
Package: appendix 2020/02/08 v1.2c extra appendix facilities
\c@@pps=\count269
\c@@ppsavesec=\count270
\c@@ppsaveapp=\count271
)
(d:/exe/texlive/2022/texmf-dist/tex/latex/paralist/paralist.sty
Package: paralist 2017/01/22 v2.7 Extended list environments
\pltopsep=\skip58
\plpartopsep=\skip59
\plitemsep=\skip60
\plparsep=\skip61
\pl@lab=\toks23
)
(d:/exe/texlive/2022/texmf-dist/tex/latex/amscls/amsthm.sty
Package: amsthm 2020/05/29 v2.20.6
\thm@style=\toks24
\thm@bodyfont=\toks25
\thm@headfont=\toks26
\thm@notefont=\toks27
\thm@headpunct=\toks28
\thm@preskip=\skip62
\thm@postskip=\skip63
\thm@headsep=\skip64
\dth@everypar=\toks29
)
(d:/exe/texlive/2022/texmf-dist/tex/latex/amsfonts/amsfonts.sty
Package: amsfonts 2013/01/14 v3.01 Basic AMSFonts support
\@emptytoks=\toks30
\symAMSa=\mathgroup4
\symAMSb=\mathgroup5
LaTeX Font Info:    Redeclaring math symbol \hbar on input line 98.
LaTeX Font Info:    Overwriting math alphabet `\mathfrak' in version `bold'
(Font)                  U/euf/m/n --> U/euf/b/n on input line 106.
)
(d:/exe/texlive/2022/texmf-dist/tex/latex/amsmath/amsmath.sty
Package: amsmath 2021/10/15 v2.17l AMS math features
\@mathmargin=\skip65

For additional information on amsmath, use the `?' option.
(d:/exe/texlive/2022/texmf-dist/tex/latex/amsmath/amstext.sty
Package: amstext 2021/08/26 v2.01 AMS text

(d:/exe/texlive/2022/texmf-dist/tex/latex/amsmath/amsgen.sty
File: amsgen.sty 1999/11/30 v2.0 generic functions
\@emptytoks=\toks31
\ex@=\dimen144
))
(d:/exe/texlive/2022/texmf-dist/tex/latex/amsmath/amsbsy.sty
Package: amsbsy 1999/11/29 v1.2d Bold Symbols
\pmbraise@=\dimen145
)
(d:/exe/texlive/2022/texmf-dist/tex/latex/amsmath/amsopn.sty
Package: amsopn 2021/08/26 v2.02 operator names
)
\inf@bad=\count272
LaTeX Info: Redefining \frac on input line 234.
\uproot@=\count273
\leftroot@=\count274
LaTeX Info: Redefining \overline on input line 399.
\classnum@=\count275
\DOTSCASE@=\count276
LaTeX Info: Redefining \ldots on input line 496.
LaTeX Info: Redefining \dots on input line 499.
LaTeX Info: Redefining \cdots on input line 620.
\Mathstrutbox@=\box54
\strutbox@=\box55
\big@size=\dimen146
LaTeX Font Info:    Redeclaring font encoding OML on input line 743.
LaTeX Font Info:    Redeclaring font encoding OMS on input line 744.
\macc@depth=\count277
\c@MaxMatrixCols=\count278
\dotsspace@=\muskip16
\c@parentequation=\count279
\dspbrk@lvl=\count280
\tag@help=\toks32
\row@=\count281
\column@=\count282
\maxfields@=\count283
\andhelp@=\toks33
\eqnshift@=\dimen147
\alignsep@=\dimen148
\tagshift@=\dimen149
\tagwidth@=\dimen150
\totwidth@=\dimen151
\lineht@=\dimen152
\@envbody=\toks34
\multlinegap=\skip66
\multlinetaggap=\skip67
\mathdisplay@stack=\toks35
LaTeX Info: Redefining \[ on input line 2938.
LaTeX Info: Redefining \] on input line 2939.
)
(d:/exe/texlive/2022/texmf-dist/tex/latex/tools/bm.sty
Package: bm 2021/04/25 v1.2e Bold Symbol Support (DPC/FMi)
\symboldoperators=\mathgroup6
\symboldletters=\mathgroup7
\symboldsymbols=\mathgroup8
Package bm Info: No bold for \OMX/cmex/m/n, using \pmb.
Package bm Info: No bold for \U/msa/m/n, using \pmb.
Package bm Info: No bold for \U/msb/m/n, using \pmb.
LaTeX Font Info:    Redeclaring math alphabet \mathbf on input line 149.
)
(d:/exe/texlive/2022/texmf-dist/tex/latex/amsfonts/amssymb.sty
Package: amssymb 2013/01/14 v3.01 AMS font symbols
)
(d:/exe/texlive/2022/texmf-dist/tex/latex/jknapltx/mathrsfs.sty
Package: mathrsfs 1996/01/01 Math RSFS package v1.0 (jk)
\symrsfs=\mathgroup9
)
(d:/exe/texlive/2022/texmf-dist/tex/latex/base/latexsym.sty
Package: latexsym 1998/08/17 v2.2e Standard LaTeX package (lasy symbols)
\symlasy=\mathgroup10
LaTeX Font Info:    Overwriting symbol font `lasy' in version `bold'
(Font)                  U/lasy/m/n --> U/lasy/b/n on input line 52.
)
(d:/exe/texlive/2022/texmf-dist/tex/latex/tools/longtable.sty
Package: longtable 2021-09-01 v4.17 Multi-page Table package (DPC)
\LTleft=\skip68
\LTright=\skip69
\LTpre=\skip70
\LTpost=\skip71
\LTchunksize=\count284
\LTcapwidth=\dimen153
\LT@head=\box56
\LT@firsthead=\box57
\LT@foot=\box58
\LT@lastfoot=\box59
\LT@gbox=\box60
\LT@cols=\count285
\LT@rows=\count286
\c@LT@tables=\count287
\c@LT@chunks=\count288
\LT@p@ftn=\toks36
)
(d:/exe/texlive/2022/texmf-dist/tex/latex/multirow/multirow.sty
Package: multirow 2021/03/15 v2.8 Span multiple rows of a table
\multirow@colwidth=\skip72
\multirow@cntb=\count289
\multirow@dima=\skip73
\bigstrutjot=\dimen154
)
(d:/exe/texlive/2022/texmf-dist/tex/latex/tools/hhline.sty
Package: hhline 2020/01/04 v2.04 Table rule package (DPC)
)
(d:/exe/texlive/2022/texmf-dist/tex/latex/tools/tabularx.sty
Package: tabularx 2020/01/15 v2.11c `tabularx' package (DPC)

(d:/exe/texlive/2022/texmf-dist/tex/latex/tools/array.sty
Package: array 2021/10/04 v2.5f Tabular extension package (FMi)
\col@sep=\dimen155
\ar@mcellbox=\box61
\extrarowheight=\dimen156
\NC@list=\toks37
\extratabsurround=\skip74
\backup@length=\skip75
\ar@cellbox=\box62
)
\TX@col@width=\dimen157
\TX@old@table=\dimen158
\TX@old@col=\dimen159
\TX@target=\dimen160
\TX@delta=\dimen161
\TX@cols=\count290
\TX@ftn=\toks38
)
(d:/exe/texlive/2022/texmf-dist/tex/latex/base/flafter.sty
Package: flafter 2021/07/31 v1.4e Standard LaTeX floats after reference (FMi)
Applying: [2015/01/01] float order in 2-column on input line 49.
Already applied: [0000/00/00] float order in 2-column on input line 151.
)
(d:/exe/texlive/2022/texmf-dist/tex/latex/psnfss/pifont.sty
Package: pifont 2020/03/25 PSNFSS-v9.3 Pi font support (SPQR) 
LaTeX Font Info:    Trying to load font information for U+pzd on input line 63.


(d:/exe/texlive/2022/texmf-dist/tex/latex/psnfss/upzd.fd
File: upzd.fd 2001/06/04 font definitions for U/pzd.
)
LaTeX Font Info:    Trying to load font information for U+psy on input line 64.


(d:/exe/texlive/2022/texmf-dist/tex/latex/psnfss/upsy.fd
File: upsy.fd 2001/06/04 font definitions for U/psy.
))
(d:/exe/texlive/2022/texmf-dist/tex/latex/tools/calc.sty
Package: calc 2017/05/25 v4.3 Infix arithmetic (KKT,FJ)
\calc@Acount=\count291
\calc@Bcount=\count292
\calc@Adimen=\dimen162
\calc@Bdimen=\dimen163
\calc@Askip=\skip76
\calc@Bskip=\skip77
LaTeX Info: Redefining \setlength on input line 80.
LaTeX Info: Redefining \addtolength on input line 81.
\calc@Ccount=\count293
\calc@Cskip=\skip78
)
(d:/exe/texlive/2022/texmf-dist/tex/latex/colortbl/colortbl.sty
Package: colortbl 2020/01/04 v1.0e Color table columns (DPC)

(d:/exe/texlive/2022/texmf-dist/tex/latex/graphics/color.sty
Package: color 2021/12/07 v1.3c Standard LaTeX Color (DPC)

(d:/exe/texlive/2022/texmf-dist/tex/latex/graphics-cfg/color.cfg
File: color.cfg 2016/01/02 v1.6 sample color configuration
)
Package color Info: Driver file: pdftex.def on input line 149.

(d:/exe/texlive/2022/texmf-dist/tex/latex/graphics-def/pdftex.def
File: pdftex.def 2020/10/05 v1.2a Graphics/color driver for pdftex
))
\everycr=\toks39
\minrowclearance=\skip79
)
(d:/exe/texlive/2022/texmf-dist/tex/latex/booktabs/booktabs.sty
Package: booktabs 2020/01/12 v1.61803398 Publication quality tables
\heavyrulewidth=\dimen164
\lightrulewidth=\dimen165
\cmidrulewidth=\dimen166
\belowrulesep=\dimen167
\belowbottomsep=\dimen168
\aboverulesep=\dimen169
\abovetopsep=\dimen170
\cmidrulesep=\dimen171
\cmidrulekern=\dimen172
\defaultaddspace=\dimen173
\@cmidla=\count294
\@cmidlb=\count295
\@aboverulesep=\dimen174
\@belowrulesep=\dimen175
\@thisruleclass=\count296
\@lastruleclass=\count297
\@thisrulewidth=\dimen176
)
(d:/exe/texlive/2022/texmf-dist/tex/latex/geometry/geometry.sty
Package: geometry 2020/01/02 v5.9 Page Geometry

(d:/exe/texlive/2022/texmf-dist/tex/generic/iftex/ifvtex.sty
Package: ifvtex 2019/10/25 v1.7 ifvtex legacy package. Use iftex instead.

(d:/exe/texlive/2022/texmf-dist/tex/generic/iftex/iftex.sty
Package: iftex 2022/02/03 v1.0f TeX engine tests
))
\Gm@cnth=\count298
\Gm@cntv=\count299
\c@Gm@tempcnt=\count300
\Gm@bindingoffset=\dimen177
\Gm@wd@mp=\dimen178
\Gm@odd@mp=\dimen179
\Gm@even@mp=\dimen180
\Gm@layoutwidth=\dimen181
\Gm@layoutheight=\dimen182
\Gm@layouthoffset=\dimen183
\Gm@layoutvoffset=\dimen184
\Gm@dimlist=\toks40
)
(d:/exe/texlive/2022/texmf-dist/tex/latex/base/fontenc.sty
Package: fontenc 2021/04/29 v2.0v Standard LaTeX package
)
(d:/exe/texlive/2022/texmf-dist/tex/latex/bera/berasans.sty
Package: berasans 2004/01/30 (WaS)
)
(d:/exe/texlive/2022/texmf-dist/tex/latex/hyperref/hyperref.sty
Package: hyperref 2022-02-21 v7.00n Hypertext links for LaTeX

(d:/exe/texlive/2022/texmf-dist/tex/generic/ltxcmds/ltxcmds.sty
Package: ltxcmds 2020-05-10 v1.25 LaTeX kernel commands for general use (HO)
)
(d:/exe/texlive/2022/texmf-dist/tex/generic/pdftexcmds/pdftexcmds.sty
Package: pdftexcmds 2020-06-27 v0.33 Utility functions of pdfTeX for LuaTeX (HO
)

(d:/exe/texlive/2022/texmf-dist/tex/generic/infwarerr/infwarerr.sty
Package: infwarerr 2019/12/03 v1.5 Providing info/warning/error messages (HO)
)
Package pdftexcmds Info: \pdf@primitive is available.
Package pdftexcmds Info: \pdf@ifprimitive is available.
Package pdftexcmds Info: \pdfdraftmode found.
)
(d:/exe/texlive/2022/texmf-dist/tex/generic/kvsetkeys/kvsetkeys.sty
Package: kvsetkeys 2019/12/15 v1.18 Key value parser (HO)
)
(d:/exe/texlive/2022/texmf-dist/tex/generic/kvdefinekeys/kvdefinekeys.sty
Package: kvdefinekeys 2019-12-19 v1.6 Define keys (HO)
)
(d:/exe/texlive/2022/texmf-dist/tex/generic/pdfescape/pdfescape.sty
Package: pdfescape 2019/12/09 v1.15 Implements pdfTeX's escape features (HO)
)
(d:/exe/texlive/2022/texmf-dist/tex/latex/hycolor/hycolor.sty
Package: hycolor 2020-01-27 v1.10 Color options for hyperref/bookmark (HO)
)
(d:/exe/texlive/2022/texmf-dist/tex/latex/letltxmacro/letltxmacro.sty
Package: letltxmacro 2019/12/03 v1.6 Let assignment for LaTeX macros (HO)
)
(d:/exe/texlive/2022/texmf-dist/tex/latex/auxhook/auxhook.sty
Package: auxhook 2019-12-17 v1.6 Hooks for auxiliary files (HO)
)
(d:/exe/texlive/2022/texmf-dist/tex/latex/kvoptions/kvoptions.sty
Package: kvoptions 2020-10-07 v3.14 Key value format for package options (HO)
)
\@linkdim=\dimen185
\Hy@linkcounter=\count301
\Hy@pagecounter=\count302

(d:/exe/texlive/2022/texmf-dist/tex/latex/hyperref/pd1enc.def
File: pd1enc.def 2022-02-21 v7.00n Hyperref: PDFDocEncoding definition (HO)
Now handling font encoding PD1 ...
... no UTF-8 mapping file for font encoding PD1
)
(d:/exe/texlive/2022/texmf-dist/tex/generic/intcalc/intcalc.sty
Package: intcalc 2019/12/15 v1.3 Expandable calculations with integers (HO)
)
(d:/exe/texlive/2022/texmf-dist/tex/generic/etexcmds/etexcmds.sty
Package: etexcmds 2019/12/15 v1.7 Avoid name clashes with e-TeX commands (HO)
)
\Hy@SavedSpaceFactor=\count303

(d:/exe/texlive/2022/texmf-dist/tex/latex/hyperref/puenc.def
File: puenc.def 2022-02-21 v7.00n Hyperref: PDF Unicode definition (HO)
Now handling font encoding PU ...
... no UTF-8 mapping file for font encoding PU
)
Package hyperref Info: Hyper figures OFF on input line 4137.
Package hyperref Info: Link nesting OFF on input line 4142.
Package hyperref Info: Hyper index ON on input line 4145.
Package hyperref Info: Plain pages OFF on input line 4152.
Package hyperref Info: Backreferencing OFF on input line 4157.
Package hyperref Info: Implicit mode ON; LaTeX internals redefined.
Package hyperref Info: Bookmarks ON on input line 4390.
\c@Hy@tempcnt=\count304

(d:/exe/texlive/2022/texmf-dist/tex/latex/url/url.sty
\Urlmuskip=\muskip17
Package: url 2013/09/16  ver 3.4  Verb mode for urls, etc.
)
LaTeX Info: Redefining \url on input line 4749.
\XeTeXLinkMargin=\dimen186

(d:/exe/texlive/2022/texmf-dist/tex/generic/bitset/bitset.sty
Package: bitset 2019/12/09 v1.3 Handle bit-vector datatype (HO)

(d:/exe/texlive/2022/texmf-dist/tex/generic/bigintcalc/bigintcalc.sty
Package: bigintcalc 2019/12/15 v1.5 Expandable calculations on big integers (HO
)
))
\Fld@menulength=\count305
\Field@Width=\dimen187
\Fld@charsize=\dimen188
Package hyperref Info: Hyper figures OFF on input line 6027.
Package hyperref Info: Link nesting OFF on input line 6032.
Package hyperref Info: Hyper index ON on input line 6035.
Package hyperref Info: backreferencing OFF on input line 6042.
Package hyperref Info: Link coloring OFF on input line 6047.
Package hyperref Info: Link coloring with OCG OFF on input line 6052.
Package hyperref Info: PDF/A mode OFF on input line 6057.
LaTeX Info: Redefining \ref on input line 6097.
LaTeX Info: Redefining \pageref on input line 6101.

(d:/exe/texlive/2022/texmf-dist/tex/latex/base/atbegshi-ltx.sty
Package: atbegshi-ltx 2021/01/10 v1.0c Emulation of the original atbegshi
package with kernel methods
)
\Hy@abspage=\count306
\c@Item=\count307
\c@Hfootnote=\count308
)
Package hyperref Info: Driver (autodetected): hpdftex.

(d:/exe/texlive/2022/texmf-dist/tex/latex/hyperref/hpdftex.def
File: hpdftex.def 2022-02-21 v7.00n Hyperref driver for pdfTeX

(d:/exe/texlive/2022/texmf-dist/tex/latex/base/atveryend-ltx.sty
Package: atveryend-ltx 2020/08/19 v1.0a Emulation of the original atveryend pac
kage
with kernel methods
)
\Fld@listcount=\count309
\c@bookmark@seq@number=\count310

(d:/exe/texlive/2022/texmf-dist/tex/latex/rerunfilecheck/rerunfilecheck.sty
Package: rerunfilecheck 2019/12/05 v1.9 Rerun checks for auxiliary files (HO)

(d:/exe/texlive/2022/texmf-dist/tex/generic/uniquecounter/uniquecounter.sty
Package: uniquecounter 2019/12/15 v1.4 Provide unlimited unique counter (HO)
)
Package uniquecounter Info: New unique counter `rerunfilecheck' on input line 2
86.
)
\Hy@SectionHShift=\skip80
)
(d:/exe/texlive/2022/texmf-dist/tex/generic/iftex/ifpdf.sty
Package: ifpdf 2019/10/25 v3.4 ifpdf legacy package. Use iftex instead.
)
(d:/exe/texlive/2022/texmf-dist/tex/generic/iftex/ifxetex.sty
Package: ifxetex 2019/10/25 v0.7 ifxetex legacy package. Use iftex instead.
)
(d:/exe/texlive/2022/texmf-dist/tex/latex/environ/environ.sty
Package: environ 2014/05/04 v0.3 A new way to define environments

(d:/exe/texlive/2022/texmf-dist/tex/latex/trimspaces/trimspaces.sty
Package: trimspaces 2009/09/17 v1.1 Trim spaces around a token list
))
(d:/exe/texlive/2022/texmf-dist/tex/latex/graphics/graphicx.sty
Package: graphicx 2021/09/16 v1.2d Enhanced LaTeX Graphics (DPC,SPQR)

(d:/exe/texlive/2022/texmf-dist/tex/latex/graphics/graphics.sty
Package: graphics 2021/03/04 v1.4d Standard LaTeX Graphics (DPC,SPQR)

(d:/exe/texlive/2022/texmf-dist/tex/latex/graphics/trig.sty
Package: trig 2021/08/11 v1.11 sin cos tan (DPC)
)
(d:/exe/texlive/2022/texmf-dist/tex/latex/graphics-cfg/graphics.cfg
File: graphics.cfg 2016/06/04 v1.11 sample graphics configuration
)
Package graphics Info: Driver file: pdftex.def on input line 107.
)
\Gin@req@height=\dimen189
\Gin@req@width=\dimen190
)
(d:/exe/texlive/2022/texmf-dist/tex/latex/epstopdf-pkg/epstopdf.sty
Package: epstopdf 2020-01-24 v2.11 Conversion with epstopdf on the fly (HO)

(d:/exe/texlive/2022/texmf-dist/tex/latex/grfext/grfext.sty
Package: grfext 2019/12/03 v1.3 Manage graphics extensions (HO)
)
(d:/exe/texlive/2022/texmf-dist/tex/latex/epstopdf-pkg/epstopdf-base.sty
Package: epstopdf-base 2020-01-24 v2.11 Base part for package epstopdf
Package epstopdf-base Info: Redefining graphics rule for `.eps' on input line 4
85.
Package grfext Info: Graphics extension search list:
(grfext)             [.pdf,.png,.jpg,.mps,.jpeg,.jbig2,.jb2,.PDF,.PNG,.JPG,.JPE
G,.JBIG2,.JB2,.eps]
(grfext)             \AppendGraphicsExtensions on input line 504.

(d:/exe/texlive/2022/texmf-dist/tex/latex/latexconfig/epstopdf-sys.cfg
File: epstopdf-sys.cfg 2010/07/13 v1.3 Configuration of (r)epstopdf for TeX Liv
e
)))
(d:/exe/texlive/2022/texmf-dist/tex/latex/xcolor/xcolor.sty
Package: xcolor 2021/10/31 v2.13 LaTeX color extensions (UK)

(d:/exe/texlive/2022/texmf-dist/tex/latex/graphics-cfg/color.cfg
File: color.cfg 2016/01/02 v1.6 sample color configuration
)
Package xcolor Info: Driver file: pdftex.def on input line 227.
LaTeX Info: Redefining \color on input line 711.
Package xcolor Info: Model `cmy' substituted by `cmy0' on input line 1352.
Package xcolor Info: Model `hsb' substituted by `rgb' on input line 1356.
Package xcolor Info: Model `RGB' extended on input line 1368.
Package xcolor Info: Model `HTML' substituted by `rgb' on input line 1370.
Package xcolor Info: Model `Hsb' substituted by `hsb' on input line 1371.
Package xcolor Info: Model `tHsb' substituted by `hsb' on input line 1372.
Package xcolor Info: Model `HSB' substituted by `hsb' on input line 1373.
Package xcolor Info: Model `Gray' substituted by `gray' on input line 1374.
Package xcolor Info: Model `wave' substituted by `hsb' on input line 1375.

(d:/exe/texlive/2022/texmf-dist/tex/latex/xcolor/svgnam.def
File: svgnam.def 2021/10/31 v2.13 Predefined colors according to SVG 1.1 (UK)
))
\c@Theorem=\count311

(d:/exe/texlive/2022/texmf-dist/tex/latex/listings/lstlang1.sty
File: lstlang1.sty 2020/03/24 1.8d listings language file
)
(d:/exe/texlive/2022/texmf-dist/tex/latex/listings/lstmisc.sty
File: lstmisc.sty 2020/03/24 1.8d (Carsten Heinz)
))
(d:/exe/texlive/2022/texmf-dist/tex/latex/newtx/newtxtext.sty
Package: newtxtext 2022/02/28 v1.71(Michael Sharpe) latex and unicode latex sup
port for TeXGyreTermesX

`newtxtext' v1.71, 2022/02/28 Text macros taking advantage of TeXGyre Termes an
d its extensions (msharpe)
(d:/exe/texlive/2022/texmf-dist/tex/latex/base/textcomp.sty
Package: textcomp 2020/02/02 v2.0n Standard LaTeX package
)
(d:/exe/texlive/2022/texmf-dist/tex/generic/xstring/xstring.sty
(d:/exe/texlive/2022/texmf-dist/tex/generic/xstring/xstring.tex
\integerpart=\count312
\decimalpart=\count313
)
Package: xstring 2021/07/21 v1.84 String manipulations (CT)
)
(d:/exe/texlive/2022/texmf-dist/tex/latex/carlisle/scalefnt.sty)
LaTeX Font Info:    Setting ntxLF sub-encoding to TS1/0 on input line 21.
LaTeX Font Info:    Setting ntxTLF sub-encoding to TS1/0 on input line 21.
LaTeX Font Info:    Setting ntxOsF sub-encoding to TS1/0 on input line 21.
LaTeX Font Info:    Setting ntxTOsF sub-encoding to TS1/0 on input line 21.

(d:/exe/texlive/2022/texmf-dist/tex/generic/kastrup/binhex.tex)
\ntx@tmpcnta=\count314
\ntx@cnt=\count315

ntx@otftextfalse
(d:/exe/texlive/2022/texmf-dist/tex/latex/fontaxes/fontaxes.sty
Package: fontaxes 2020/07/21 v1.0e Font selection axes
LaTeX Info: Redefining \upshape on input line 29.
LaTeX Info: Redefining \itshape on input line 31.
LaTeX Info: Redefining \slshape on input line 33.
LaTeX Info: Redefining \swshape on input line 35.
LaTeX Info: Redefining \scshape on input line 37.
LaTeX Info: Redefining \sscshape on input line 39.
LaTeX Info: Redefining \ulcshape on input line 41.
LaTeX Info: Redefining \textsw on input line 47.
LaTeX Info: Redefining \textssc on input line 48.
LaTeX Info: Redefining \textulc on input line 49.
)
LaTeX Info: Redefining \oldstylenums on input line 657.
)
(d:/exe/texlive/2022/texmf-dist/tex/latex/psnfss/palatino.sty
Package: palatino 2020/03/25 PSNFSS-v9.3 (SPQR) 
)
(d:/exe/texlive/2022/texmf-dist/tex/latex/caption/caption.sty
Package: caption 2022/03/01 v3.6b Customizing captions (AR)

(d:/exe/texlive/2022/texmf-dist/tex/latex/caption/caption3.sty
Package: caption3 2022/03/17 v2.3b caption3 kernel (AR)
\caption@tempdima=\dimen191
\captionmargin=\dimen192
\caption@leftmargin=\dimen193
\caption@rightmargin=\dimen194
\caption@width=\dimen195
\caption@indent=\dimen196
\caption@parindent=\dimen197
\caption@hangindent=\dimen198
Package caption Info: Standard document class detected.
)
\c@caption@flags=\count316
\c@continuedfloat=\count317
Package caption Info: hyperref package is loaded.
Package caption Info: listings package is loaded.
Package caption Info: longtable package is loaded.

(d:/exe/texlive/2022/texmf-dist/tex/latex/caption/ltcaption.sty
Package: ltcaption 2021/01/08 v1.4c longtable captions (AR)
))
(d:/exe/texlive/2022/texmf-dist/tex/latex/subfigure/subfigure.sty
Package: subfigure 2002/03/15 v2.1.5 subfigure package
\subfigtopskip=\skip81
\subfigcapskip=\skip82
\subfigcaptopadj=\dimen199
\subfigbottomskip=\skip83
\subfigcapmargin=\dimen256
\subfiglabelskip=\skip84
\c@subfigure=\count318
\c@lofdepth=\count319
\c@subtable=\count320
\c@lotdepth=\count321

****************************************
* Local config file subfigure.cfg used *
****************************************
(d:/exe/texlive/2022/texmf-dist/tex/latex/subfigure/subfigure.cfg)
\subfig@top=\skip85
\subfig@bottom=\skip86
)
(d:/exe/texlive/2022/texmf-dist/tex/latex/pythonhighlight/pythonhighlight.sty
Package: pythonhighlight 2017/02/09 python code highlighting; provided by Olivi
er Verdier <olivier.verdier@gmail.com>
)
LaTeX Font Info:    Trying to load font information for T1+ntxtlf on input line
 23.

(d:/exe/texlive/2022/texmf-dist/tex/latex/newtx/t1ntxtlf.fd
File: t1ntxtlf.fd 2021/05/24 v1.1 font definition file for T1/ntx/tlf
)
LaTeX Font Info:    Font shape `T1/ntxtlf/m/n' will be
(Font)              scaled to size 12.0pt on input line 23.

(d:/exe/texlive/2022/texmf-dist/tex/latex/l3backend/l3backend-pdftex.def
File: l3backend-pdftex.def 2022-02-07 L3 backend support: PDF output (pdfTeX)
\l__color_backend_stack_int=\count322
\l__pdf_internal_box=\box63
)
(./mcmthesis-demo.aux

LaTeX Warning: Label `fig:aa' multiply defined.


LaTeX Warning: Label `fig:1' multiply defined.


LaTeX Warning: Label `fig:aa' multiply defined.


LaTeX Warning: Label `fig:1' multiply defined.


LaTeX Warning: Label `fig:aa' multiply defined.


LaTeX Warning: Label `fig:aa' multiply defined.


LaTeX Warning: Label `fig:aa' multiply defined.


LaTeX Warning: Label `fig:1' multiply defined.


LaTeX Warning: Label `fig:1' multiply defined.


LaTeX Warning: Label `fig:aa' multiply defined.


LaTeX Warning: Label `fig:aa' multiply defined.


LaTeX Warning: Label `fig:aa' multiply defined.


LaTeX Warning: Label `fig:1' multiply defined.


LaTeX Warning: Label `fig:aa' multiply defined.


LaTeX Warning: Label `fig:1' multiply defined.


LaTeX Warning: Label `fig:aa' multiply defined.


LaTeX Warning: Label `tb:notation' multiply defined.


LaTeX Warning: Label `fig:aa' multiply defined.


LaTeX Warning: Label `fig:aa' multiply defined.


LaTeX Warning: Label `fig:aa' multiply defined.


LaTeX Warning: Label `fig:aa' multiply defined.


LaTeX Warning: Label `fig:aa' multiply defined.

)
\openout1 = `mcmthesis-demo.aux'.

LaTeX Font Info:    Checking defaults for OML/cmm/m/it on input line 23.
LaTeX Font Info:    ... okay on input line 23.
LaTeX Font Info:    Checking defaults for OMS/cmsy/m/n on input line 23.
LaTeX Font Info:    ... okay on input line 23.
LaTeX Font Info:    Checking defaults for OT1/cmr/m/n on input line 23.
LaTeX Font Info:    ... okay on input line 23.
LaTeX Font Info:    Checking defaults for T1/cmr/m/n on input line 23.
LaTeX Font Info:    ... okay on input line 23.
LaTeX Font Info:    Checking defaults for TS1/cmr/m/n on input line 23.
LaTeX Font Info:    ... okay on input line 23.
LaTeX Font Info:    Checking defaults for OMX/cmex/m/n on input line 23.
LaTeX Font Info:    ... okay on input line 23.
LaTeX Font Info:    Checking defaults for U/cmr/m/n on input line 23.
LaTeX Font Info:    ... okay on input line 23.
LaTeX Font Info:    Checking defaults for PD1/pdf/m/n on input line 23.
LaTeX Font Info:    ... okay on input line 23.
LaTeX Font Info:    Checking defaults for PU/pdf/m/n on input line 23.
LaTeX Font Info:    ... okay on input line 23.
Package lastpage Info: Please have a look at the pageslts package at
(lastpage)             https://www.ctan.org/pkg/pageslts
(lastpage)             ! on input line 23.
\c@lstlisting=\count323
 (d:/exe/texlive/2022/texmf-dist/tex/context/base/mkii/supp-pdf.mkii
[Loading MPS to PDF converter (version 2006.09.02).]
\scratchcounter=\count324
\scratchdimen=\dimen257
\scratchbox=\box64
\nofMPsegments=\count325
\nofMParguments=\count326
\everyMPshowfont=\toks41
\MPscratchCnt=\count327
\MPscratchDim=\dimen258
\MPnumerator=\count328
\makeMPintoPDFobject=\count329
\everyMPtoPDFconversion=\toks42
)
*geometry* driver: auto-detecting
*geometry* detected driver: pdftex
*geometry* verbose mode - [ preamble ] result:
* driver: pdftex
* paper: letterpaper
* layout: <same size as paper>
* layoutoffset:(h,v)=(0.0pt,0.0pt)
* modes: 
* h-part:(L,W,R)=(72.26999pt, 469.75502pt, 72.26999pt)
* v-part:(T,H,B)=(72.26999pt, 650.43001pt, 72.26999pt)
* \paperwidth=614.295pt
* \paperheight=794.96999pt
* \textwidth=469.75502pt
* \textheight=650.43001pt
* \oddsidemargin=0.0pt
* \evensidemargin=0.0pt
* \topmargin=-37.0pt
* \headheight=12.0pt
* \headsep=25.0pt
* \topskip=12.0pt
* \footskip=30.0pt
* \marginparwidth=44.0pt
* \marginparsep=10.0pt
* \columnsep=10.0pt
* \skip\footins=10.8pt plus 4.0pt minus 2.0pt
* \hoffset=0.0pt
* \voffset=0.0pt
* \mag=1000
* \@twocolumnfalse
* \@twosidefalse
* \@mparswitchfalse
* \@reversemarginfalse
* (1in=72.27pt=25.4mm, 1cm=28.453pt)

Package hyperref Info: Link coloring OFF on input line 23.
(d:/exe/texlive/2022/texmf-dist/tex/latex/hyperref/nameref.sty
Package: nameref 2021-04-02 v2.47 Cross-referencing by name of section

(d:/exe/texlive/2022/texmf-dist/tex/latex/refcount/refcount.sty
Package: refcount 2019/12/15 v3.6 Data extraction from label references (HO)
)
(d:/exe/texlive/2022/texmf-dist/tex/generic/gettitlestring/gettitlestring.sty
Package: gettitlestring 2019/12/15 v1.6 Cleanup title references (HO)
)
\c@section@level=\count330
)
LaTeX Info: Redefining \ref on input line 23.
LaTeX Info: Redefining \pageref on input line 23.
LaTeX Info: Redefining \nameref on input line 23.
(./mcmthesis-demo.out) (./mcmthesis-demo.out)
\@outlinefile=\write4
\openout4 = `mcmthesis-demo.out'.

\c@mv@tabular=\count331
\c@mv@boldtabular=\count332
Package caption Info: Begin \AtBeginDocument code.
Package caption Info: subfigure package is loaded.
Package caption Info: End \AtBeginDocument code.
LaTeX Font Info:    Font shape `T1/ntxtlf/b/n' will be
(Font)              scaled to size 12.0pt on input line 43.
LaTeX Font Info:    Font shape `T1/ntxtlf/m/n' will be
(Font)              scaled to size 20.0pt on input line 43.
LaTeX Font Info:    Font shape `T1/ntxtlf/m/n' will be
(Font)              scaled to size 20.74pt on input line 43.
 [1

{d:/exe/texlive/2022/texmf-var/fonts/map/pdftex/updmap/pdftex.map}]

! LaTeX Error: Environment spacing undefined.

See the LaTeX manual or LaTeX Companion for explanation.
Type  H <return>  for immediate help.
 ...                                              
                                                  
l.46 \begin{spacing}
                    
? 
LaTeX Font Info:    Font shape `T1/ntxtlf/m/n' will be
(Font)              scaled to size 17.28pt on input line 47.
LaTeX Font Info:    Font shape `T1/ntxtlf/b/n' will be
(Font)              scaled to size 17.28pt on input line 47.
LaTeX Font Info:    Trying to load font information for T1+phv on input line 47
.
(d:/exe/texlive/2022/texmf-dist/tex/latex/psnfss/t1phv.fd
File: t1phv.fd 2020/03/25 scalable font definitions for T1/phv.
)
(./mcmthesis-demo.toc
LaTeX Font Info:    Trying to load font information for U+msa on input line 2.

(d:/exe/texlive/2022/texmf-dist/tex/latex/amsfonts/umsa.fd
File: umsa.fd 2013/01/14 v3.01 AMS symbols A
)
LaTeX Font Info:    Trying to load font information for U+msb on input line 2.

(d:/exe/texlive/2022/texmf-dist/tex/latex/amsfonts/umsb.fd
File: umsb.fd 2013/01/14 v3.01 AMS symbols B
)
LaTeX Font Info:    Trying to load font information for U+rsfs on input line 2.


(d:/exe/texlive/2022/texmf-dist/tex/latex/jknapltx/ursfs.fd
File: ursfs.fd 1998/03/24 rsfs font definition file (jk)
)
LaTeX Font Info:    Trying to load font information for U+lasy on input line 2.


(d:/exe/texlive/2022/texmf-dist/tex/latex/base/ulasy.fd
File: ulasy.fd 1998/08/17 v2.2e LaTeX symbol font definitions
)
LaTeX Font Info:    Font shape `T1/ntxtlf/m/n' will be
(Font)              scaled to size 10.95pt on input line 28.


Package fancyhdr Warning: \headheight is too small (12.0pt): 
(fancyhdr)                Make it at least 13.59999pt, for example:
(fancyhdr)                \setlength{\headheight}{13.59999pt}.
(fancyhdr)                You might also make \topmargin smaller to compensate:

(fancyhdr)                \addtolength{\topmargin}{-1.59999pt}.


pdfTeX warning (ext4): destination with the same identifier (name{page.1}) has 
been already used, duplicate ignored
<to be read again> 
                   \relax 
l.28 ...{5.1}Problem Analysis}{11}{subsection.5.1}
                                                  % [1])
\tf@toc=\write5
\openout5 = `mcmthesis-demo.toc'.



! LaTeX Error: \begin{document} ended by \end{spacing}.

See the LaTeX manual or LaTeX Companion for explanation.
Type  H <return>  for immediate help.
 ...                                              
                                                  
l.48 \end{spacing}
                  
? 

Package fancyhdr Warning: \headheight is too small (12.0pt): 
(fancyhdr)                Make it at least 13.59999pt, for example:
(fancyhdr)                \setlength{\headheight}{13.59999pt}.
(fancyhdr)                You might also make \topmargin smaller to compensate:

(fancyhdr)                \addtolength{\topmargin}{-1.59999pt}.

[2]
LaTeX Font Info:    Font shape `T1/ntxtlf/m/n' will be
(Font)              scaled to size 14.4pt on input line 65.
LaTeX Font Info:    Font shape `T1/ntxtlf/b/n' will be
(Font)              scaled to size 14.4pt on input line 65.


Package fancyhdr Warning: \headheight is too small (12.0pt): 
(fancyhdr)                Make it at least 13.59999pt, for example:
(fancyhdr)                \setlength{\headheight}{13.59999pt}.
(fancyhdr)                You might also make \topmargin smaller to compensate:

(fancyhdr)                \addtolength{\topmargin}{-1.59999pt}.

[3]

! Package array Error:  Illegal pream-token (2): `c' used.

See the array package documentation for explanation.
Type  H <return>  for immediate help.
 ...                                              
                                                  
l.99 \begin{longtable}[]{@{}20@{}}
                                  
? 

! Package array Error:  Illegal pream-token (0): `c' used.

See the array package documentation for explanation.
Type  H <return>  for immediate help.
 ...                                              
                                                  
l.99 \begin{longtable}[]{@{}20@{}}
                                  
? 


pdfTeX warning: pdflatex.exe (file ./figures//overall.pdf): PDF inclusion: foun
d PDF version <1.7>, but at most version <1.5> allowed
<./figures//overall.pdf, id=251, 804.75656pt x 402.00188pt>
File: ./figures//overall.pdf Graphic file (type pdf)
<use ./figures//overall.pdf>
Package pdftex.def Info: ./figures//overall.pdf  used on input line 122.
(pdftex.def)             Requested size: 369.88582pt x 184.76974pt.

Package fancyhdr Warning: \headheight is too small (12.0pt): 
(fancyhdr)                Make it at least 13.59999pt, for example:
(fancyhdr)                \setlength{\headheight}{13.59999pt}.
(fancyhdr)                You might also make \topmargin smaller to compensate:

(fancyhdr)                \addtolength{\topmargin}{-1.59999pt}.

[4 <./figures//overall.pdf>]
LaTeX Font Info:    Trying to load font information for TS1+ntxtlf on input lin
e 135.

(d:/exe/texlive/2022/texmf-dist/tex/latex/newtx/ts1ntxtlf.fd
File: ts1ntxtlf.fd 2015/01/18 v1.0 fd file for TS1/ntxtlf
)
LaTeX Font Info:    Font shape `TS1/ntxtlf/m/n' will be
(Font)              scaled to size 12.0pt on input line 135.


pdfTeX warning: pdflatex.exe (file ./figures//0time_series.pdf): PDF inclusion:
 found PDF version <1.7>, but at most version <1.5> allowed
<./figures//0time_series.pdf, id=266, 441.57057pt x 315.82053pt>
File: ./figures//0time_series.pdf Graphic file (type pdf)
<use ./figures//0time_series.pdf>
Package pdftex.def Info: ./figures//0time_series.pdf  used on input line 147.
(pdftex.def)             Requested size: 220.78474pt x 157.90987pt.
LaTeX Font Info:    Font shape `T1/ntxtlf/m/n' will be
(Font)              scaled to size 10.0pt on input line 147.


pdfTeX warning: pdflatex.exe (file ./figures//1time_series.pdf): PDF inclusion:
 found PDF version <1.7>, but at most version <1.5> allowed
<./figures//1time_series.pdf, id=267, 427.11652pt x 315.82053pt>
File: ./figures//1time_series.pdf Graphic file (type pdf)
<use ./figures//1time_series.pdf>
Package pdftex.def Info: ./figures//1time_series.pdf  used on input line 153.
(pdftex.def)             Requested size: 213.55772pt x 157.90987pt.


pdfTeX warning: pdflatex.exe (file ./figures//Q11.pdf): PDF inclusion: found PD
F version <1.7>, but at most version <1.5> allowed
<./figures//Q11.pdf, id=268, 539.01375pt x 132.495pt>
File: ./figures//Q11.pdf Graphic file (type pdf)
<use ./figures//Q11.pdf>
Package pdftex.def Info: ./figures//Q11.pdf  used on input line 165.
(pdftex.def)             Requested size: 284.52756pt x 69.94098pt.

Package fancyhdr Warning: \headheight is too small (12.0pt): 
(fancyhdr)                Make it at least 13.59999pt, for example:
(fancyhdr)                \setlength{\headheight}{13.59999pt}.
(fancyhdr)                You might also make \topmargin smaller to compensate:

(fancyhdr)                \addtolength{\topmargin}{-1.59999pt}.

[5 <./figures//0time_series.pdf> <./figures//1time_series.pdf> <./figures//Q11.
pdf>]

Package fancyhdr Warning: \headheight is too small (12.0pt): 
(fancyhdr)                Make it at least 13.59999pt, for example:
(fancyhdr)                \setlength{\headheight}{13.59999pt}.
(fancyhdr)                You might also make \topmargin smaller to compensate:

(fancyhdr)                \addtolength{\topmargin}{-1.59999pt}.

[6]

pdfTeX warning: pdflatex.exe (file ./figures//PACF.pdf): PDF inclusion: found P
DF version <1.7>, but at most version <1.5> allowed
<./figures//PACF.pdf, id=291, 410.49438pt x 312.92972pt>
File: ./figures//PACF.pdf Graphic file (type pdf)
<use ./figures//PACF.pdf>
Package pdftex.def Info: ./figures//PACF.pdf  used on input line 234.
(pdftex.def)             Requested size: 205.24667pt x 156.46448pt.


pdfTeX warning: pdflatex.exe (file ./figures//ACF.pdf): PDF inclusion: found PD
F version <1.7>, but at most version <1.5> allowed
<./figures//ACF.pdf, id=292, 410.49438pt x 312.92972pt>
File: ./figures//ACF.pdf Graphic file (type pdf)
<use ./figures//ACF.pdf>
Package pdftex.def Info: ./figures//ACF.pdf  used on input line 240.
(pdftex.def)             Requested size: 205.24667pt x 156.46448pt.

Package fancyhdr Warning: \headheight is too small (12.0pt): 
(fancyhdr)                Make it at least 13.59999pt, for example:
(fancyhdr)                \setlength{\headheight}{13.59999pt}.
(fancyhdr)                You might also make \topmargin smaller to compensate:

(fancyhdr)                \addtolength{\topmargin}{-1.59999pt}.

[7 <./figures//PACF.pdf> <./figures//ACF.pdf>]

pdfTeX warning: pdflatex.exe (file ./figures//thermodynamic.pdf): PDF inclusion
: found PDF version <1.7>, but at most version <1.5> allowed
<./figures//thermodynamic.pdf, id=306, 562.26167pt x 491.43695pt>
File: ./figures//thermodynamic.pdf Graphic file (type pdf)
<use ./figures//thermodynamic.pdf>
Package pdftex.def Info: ./figures//thermodynamic.pdf  used on input line 250.
(pdftex.def)             Requested size: 199.16928pt x 174.08264pt.


pdfTeX warning: pdflatex.exe (file ./figures//predict.pdf): PDF inclusion: foun
d PDF version <1.7>, but at most version <1.5> allowed
<./figures//predict.pdf, id=307, 437.23436pt x 327.38374pt>
File: ./figures//predict.pdf Graphic file (type pdf)
<use ./figures//predict.pdf>
Package pdftex.def Info: ./figures//predict.pdf  used on input line 267.
(pdftex.def)             Requested size: 218.61664pt x 163.69147pt.


pdfTeX warning: pdflatex.exe (file ./figures//regression_tree.pdf): PDF inclusi
on: found PDF version <1.7>, but at most version <1.5> allowed
<./figures//regression_tree.pdf, id=308, 437.23436pt x 327.38374pt>
File: ./figures//regression_tree.pdf Graphic file (type pdf)
<use ./figures//regression_tree.pdf>
Package pdftex.def Info: ./figures//regression_tree.pdf  used on input line 273
.
(pdftex.def)             Requested size: 218.61664pt x 163.69147pt.

Package fancyhdr Warning: \headheight is too small (12.0pt): 
(fancyhdr)                Make it at least 13.59999pt, for example:
(fancyhdr)                \setlength{\headheight}{13.59999pt}.
(fancyhdr)                You might also make \topmargin smaller to compensate:

(fancyhdr)                \addtolength{\topmargin}{-1.59999pt}.

[8 <./figures//thermodynamic.pdf> <./figures//predict.pdf> <./figures//regressi
on_tree.pdf>]

pdfTeX warning: pdflatex.exe (file ./figures//twitter.pdf): PDF inclusion: foun
d PDF version <1.7>, but at most version <1.5> allowed
<./figures//twitter.pdf, id=325, 282.57014pt x 152.07594pt>
File: ./figures//twitter.pdf Graphic file (type pdf)
<use ./figures//twitter.pdf>
Package pdftex.def Info: ./figures//twitter.pdf  used on input line 305.
(pdftex.def)             Requested size: 199.16928pt x 107.19266pt.

Package fancyhdr Warning: \headheight is too small (12.0pt): 
(fancyhdr)                Make it at least 13.59999pt, for example:
(fancyhdr)                \setlength{\headheight}{13.59999pt}.
(fancyhdr)                You might also make \topmargin smaller to compensate:

(fancyhdr)                \addtolength{\topmargin}{-1.59999pt}.

[9 <./figures//twitter.pdf>]

pdfTeX warning: pdflatex.exe (file ./figures//Q12.pdf): PDF inclusion: found PD
F version <1.7>, but at most version <1.5> allowed
<./figures//Q12.pdf, id=335, 555.57562pt x 138.5175pt>
File: ./figures//Q12.pdf Graphic file (type pdf)
<use ./figures//Q12.pdf>
Package pdftex.def Info: ./figures//Q12.pdf  used on input line 325.
(pdftex.def)             Requested size: 284.52756pt x 70.93889pt.


pdfTeX warning: pdflatex.exe (file ./figures//222.pdf): PDF inclusion: found PD
F version <1.7>, but at most version <1.5> allowed
<./figures//222.pdf, id=336, 741.52031pt x 395.22656pt>
File: ./figures//222.pdf Graphic file (type pdf)
<use ./figures//222.pdf>
Package pdftex.def Info: ./figures//222.pdf  used on input line 352.
(pdftex.def)             Requested size: 284.52756pt x 151.65309pt.

LaTeX Warning: `h' float specifier changed to `ht'.


Overfull \hbox (10.28667pt too wide) in paragraph at lines 359--360
| \T1/ntxtlf/m/n/12 The re-sults of POS are [NN: 079, JJ: 0.075, RB: 0.079909, 
VBP: 0.079609, VBD: 0.082291],which
 []


Package fancyhdr Warning: \headheight is too small (12.0pt): 
(fancyhdr)                Make it at least 13.59999pt, for example:
(fancyhdr)                \setlength{\headheight}{13.59999pt}.
(fancyhdr)                You might also make \topmargin smaller to compensate:

(fancyhdr)                \addtolength{\topmargin}{-1.59999pt}.

[10 <./figures//Q12.pdf>]

Package fancyhdr Warning: \headheight is too small (12.0pt): 
(fancyhdr)                Make it at least 13.59999pt, for example:
(fancyhdr)                \setlength{\headheight}{13.59999pt}.
(fancyhdr)                You might also make \topmargin smaller to compensate:

(fancyhdr)                \addtolength{\topmargin}{-1.59999pt}.

[11 <./figures//222.pdf>]
LaTeX Font Info:    Trying to load font information for T1+pcr on input line 40
5.

(d:/exe/texlive/2022/texmf-dist/tex/latex/psnfss/t1pcr.fd
File: t1pcr.fd 2001/06/04 font definitions for T1/pcr.
)
LaTeX Font Info:    Font shape `T1/ntxtlf/m/n' will be
(Font)              scaled to size 8.0pt on input line 419.
LaTeX Font Info:    Font shape `T1/ntxtlf/m/n' will be
(Font)              scaled to size 6.0pt on input line 419.


! LaTeX Error: Unicode character Σ (U+03A3)
               not set up for use with LaTeX.

See the LaTeX manual or LaTeX Companion for explanation.
Type  H <return>  for immediate help.
 ...                                              
                                                  
l.421 \[ Word\_score(a_i)=Σ
                            (1-5) x_{ij}* Letter\_score(x_{ij}) \]
? 

Package fancyhdr Warning: \headheight is too small (12.0pt): 
(fancyhdr)                Make it at least 13.59999pt, for example:
(fancyhdr)                \setlength{\headheight}{13.59999pt}.
(fancyhdr)                You might also make \topmargin smaller to compensate:

(fancyhdr)                \addtolength{\topmargin}{-1.59999pt}.

[12]
! Undefined control sequence.
<argument> ...e\ time\ of\ this\ letter\ in\ \all 
                                                  position
l.429 ...ime\ of\ all\ letter\ in\ all\ position }
                                                  
? 

! LaTeX Error: Unicode character Σ (U+03A3)
               not set up for use with LaTeX.

See the LaTeX manual or LaTeX Companion for explanation.
Type  H <return>  for immediate help.
 ...                                              
                                                  
l.432 \[ Word_score = Σ
                        (1~5) {x_{ij}* Letter_score(x_ij)} \]
? 
(d:/exe/texlive/2022/texmf-dist/tex/latex/listings/lstlang1.sty
File: lstlang1.sty 2020/03/24 1.8d listings language file
)

Package fancyhdr Warning: \headheight is too small (12.0pt): 
(fancyhdr)                Make it at least 13.59999pt, for example:
(fancyhdr)                \setlength{\headheight}{13.59999pt}.
(fancyhdr)                You might also make \topmargin smaller to compensate:

(fancyhdr)                \addtolength{\topmargin}{-1.59999pt}.

[13]

pdfTeX warning: pdflatex.exe (file ./figures//1.pdf): PDF inclusion: found PDF 
version <1.7>, but at most version <1.5> allowed
<./figures//1.pdf, id=381, 199.25461pt x 131.99991pt>
File: ./figures//1.pdf Graphic file (type pdf)
<use ./figures//1.pdf>
Package pdftex.def Info: ./figures//1.pdf  used on input line 474.
(pdftex.def)             Requested size: 99.62704pt x 65.99979pt.

Overfull \hbox (5.73286pt too wide) in paragraph at lines 474--474
 [][] 
 []



pdfTeX warning: pdflatex.exe (file ./figures//2.pdf): PDF inclusion: found PDF 
version <1.7>, but at most version <1.5> allowed
<./figures//2.pdf, id=382, 188.71469pt x 131.498pt>
File: ./figures//2.pdf Graphic file (type pdf)
<use ./figures//2.pdf>
Package pdftex.def Info: ./figures//2.pdf  used on input line 480.
(pdftex.def)             Requested size: 94.3571pt x 65.74883pt.


pdfTeX warning: pdflatex.exe (file ./figures//3.pdf): PDF inclusion: found PDF 
version <1.7>, but at most version <1.5> allowed
<./figures//3.pdf, id=383, 193.7337pt x 131.498pt>
File: ./figures//3.pdf Graphic file (type pdf)
<use ./figures//3.pdf>
Package pdftex.def Info: ./figures//3.pdf  used on input line 486.
(pdftex.def)             Requested size: 96.86661pt x 65.74883pt.

Overfull \hbox (2.97243pt too wide) in paragraph at lines 486--486
 [][] 
 []



pdfTeX warning: pdflatex.exe (file ./figures//4.pdf): PDF inclusion: found PDF 
version <1.7>, but at most version <1.5> allowed
<./figures//4.pdf, id=384, 193.7337pt x 131.498pt>
File: ./figures//4.pdf Graphic file (type pdf)
<use ./figures//4.pdf>
Package pdftex.def Info: ./figures//4.pdf  used on input line 492.
(pdftex.def)             Requested size: 96.86661pt x 65.74883pt.

Overfull \hbox (2.97243pt too wide) in paragraph at lines 492--492
 [][] 
 []



pdfTeX warning: pdflatex.exe (file ./figures//x.pdf): PDF inclusion: found PDF 
version <1.7>, but at most version <1.5> allowed
<./figures//x.pdf, id=385, 416.276pt x 312.92972pt>
File: ./figures//x.pdf Graphic file (type pdf)
<use ./figures//x.pdf>
Package pdftex.def Info: ./figures//x.pdf  used on input line 509.
(pdftex.def)             Requested size: 208.13748pt x 156.46448pt.


pdfTeX warning: pdflatex.exe (file ./figures//y.pdf): PDF inclusion: found PDF 
version <1.7>, but at most version <1.5> allowed
<./figures//y.pdf, id=386, 409.77168pt x 312.92972pt>
File: ./figures//y.pdf Graphic file (type pdf)
<use ./figures//y.pdf>
Package pdftex.def Info: ./figures//y.pdf  used on input line 515.
(pdftex.def)             Requested size: 204.88533pt x 156.46448pt.

Package fancyhdr Warning: \headheight is too small (12.0pt): 
(fancyhdr)                Make it at least 13.59999pt, for example:
(fancyhdr)                \setlength{\headheight}{13.59999pt}.
(fancyhdr)                You might also make \topmargin smaller to compensate:

(fancyhdr)                \addtolength{\topmargin}{-1.59999pt}.

[14 <./figures//1.pdf> <./figures//2.pdf> <./figures//3.pdf> <./figures//4.pdf>
 <./figures//x.pdf> <./figures//y.pdf>]
Overfull \hbox (10.90141pt too wide) in paragraph at lines 542--543
[]\T1/ntxtlf/m/n/12 [ 0.27080026, 3.37763063, 17.39287034, 36.97648791, 31.0833
1013, 10.57375257, 0.32514815] 
 []



pdfTeX warning: pdflatex.exe (file ./figures//yuce.pdf): PDF inclusion: found P
DF version <1.7>, but at most version <1.5> allowed
<./figures//yuce.pdf, id=412, 401.82198pt x 298.47566pt>
File: ./figures//yuce.pdf Graphic file (type pdf)
<use ./figures//yuce.pdf>
Package pdftex.def Info: ./figures//yuce.pdf  used on input line 548.
(pdftex.def)             Requested size: 227.62204pt x 169.08083pt.

! LaTeX Error: Unicode character ： (U+FF1A)
               not set up for use with LaTeX.

See the LaTeX manual or LaTeX Companion for explanation.
Type  H <return>  for immediate help.
 ...                                              
                                                  
l.565 four steps：
                   
? 

Package fancyhdr Warning: \headheight is too small (12.0pt): 
(fancyhdr)                Make it at least 13.59999pt, for example:
(fancyhdr)                \setlength{\headheight}{13.59999pt}.
(fancyhdr)                You might also make \topmargin smaller to compensate:

(fancyhdr)                \addtolength{\topmargin}{-1.59999pt}.

[15 <./figures//yuce.pdf>]

pdfTeX warning: pdflatex.exe (file ./figures//sandiantu.pdf): PDF inclusion: fo
und PDF version <1.7>, but at most version <1.5> allowed
<./figures//sandiantu.pdf, id=421, 395.31766pt x 298.47566pt>
File: ./figures//sandiantu.pdf Graphic file (type pdf)
<use ./figures//sandiantu.pdf>
Package pdftex.def Info: ./figures//sandiantu.pdf  used on input line 589.
(pdftex.def)             Requested size: 227.62204pt x 171.859pt.


pdfTeX warning: pdflatex.exe (file ./figures//Q3.pdf): PDF inclusion: found PDF
 version <1.7>, but at most version <1.5> allowed
<./figures//Q3.pdf, id=422, 583.42969pt x 200.24812pt>
File: ./figures//Q3.pdf Graphic file (type pdf)
<use ./figures//Q3.pdf>
Package pdftex.def Info: ./figures//Q3.pdf  used on input line 598.
(pdftex.def)             Requested size: 312.9803pt x 107.42654pt.

Package fancyhdr Warning: \headheight is too small (12.0pt): 
(fancyhdr)                Make it at least 13.59999pt, for example:
(fancyhdr)                \setlength{\headheight}{13.59999pt}.
(fancyhdr)                You might also make \topmargin smaller to compensate:

(fancyhdr)                \addtolength{\topmargin}{-1.59999pt}.

[16 <./figures//sandiantu.pdf> <./figures//Q3.pdf>]

pdfTeX warning: pdflatex.exe (file ./figures//zuo.pdf): PDF inclusion: found PD
F version <1.7>, but at most version <1.5> allowed
<./figures//zuo.pdf, id=434, 422.7803pt x 312.20702pt>
File: ./figures//zuo.pdf Graphic file (type pdf)
<use ./figures//zuo.pdf>
Package pdftex.def Info: ./figures//zuo.pdf  used on input line 649.
(pdftex.def)             Requested size: 169.10912pt x 124.88058pt.


pdfTeX warning: pdflatex.exe (file ./figures//you.pdf): PDF inclusion: found PD
F version <1.7>, but at most version <1.5> allowed
<./figures//you.pdf, id=435, 416.276pt x 312.20702pt>
File: ./figures//you.pdf Graphic file (type pdf)
<use ./figures//you.pdf>
Package pdftex.def Info: ./figures//you.pdf  used on input line 655.
(pdftex.def)             Requested size: 166.50745pt x 124.88058pt.


pdfTeX warning: pdflatex.exe (file ./figures//julei.pdf): PDF inclusion: found 
PDF version <1.7>, but at most version <1.5> allowed
<./figures//julei.pdf, id=436, 395.31766pt x 298.47566pt>
File: ./figures//julei.pdf Graphic file (type pdf)
<use ./figures//julei.pdf>
Package pdftex.def Info: ./figures//julei.pdf  used on input line 665.
(pdftex.def)             Requested size: 170.71652pt x 128.8931pt.

Package fancyhdr Warning: \headheight is too small (12.0pt): 
(fancyhdr)                Make it at least 13.59999pt, for example:
(fancyhdr)                \setlength{\headheight}{13.59999pt}.
(fancyhdr)                You might also make \topmargin smaller to compensate:

(fancyhdr)                \addtolength{\topmargin}{-1.59999pt}.

[17 <./figures//zuo.pdf> <./figures//you.pdf>]

pdfTeX warning: pdflatex.exe (file ./figures//22.pdf): PDF inclusion: found PDF
 version <1.7>, but at most version <1.5> allowed
<./figures//22.pdf, id=449, 392.42686pt x 312.92972pt>
File: ./figures//22.pdf Graphic file (type pdf)
<use ./figures//22.pdf>
Package pdftex.def Info: ./figures//22.pdf  used on input line 679.
(pdftex.def)             Requested size: 176.59045pt x 140.81706pt.


pdfTeX warning: pdflatex.exe (file ./figures//11.pdf): PDF inclusion: found PDF
 version <1.7>, but at most version <1.5> allowed
<./figures//11.pdf, id=450, 392.42686pt x 312.92972pt>
File: ./figures//11.pdf Graphic file (type pdf)
<use ./figures//11.pdf>
Package pdftex.def Info: ./figures//11.pdf  used on input line 685.
(pdftex.def)             Requested size: 176.59045pt x 140.81706pt.


pdfTeX warning: pdflatex.exe (file ./figures//44.pdf): PDF inclusion: found PDF
 version <1.7>, but at most version <1.5> allowed
<./figures//44.pdf, id=451, 392.42686pt x 312.92972pt>
File: ./figures//44.pdf Graphic file (type pdf)
<use ./figures//44.pdf>
Package pdftex.def Info: ./figures//44.pdf  used on input line 691.
(pdftex.def)             Requested size: 176.59045pt x 140.81706pt.


pdfTeX warning: pdflatex.exe (file ./figures//33.pdf): PDF inclusion: found PDF
 version <1.7>, but at most version <1.5> allowed
<./figures//33.pdf, id=452, 392.42686pt x 312.92972pt>
File: ./figures//33.pdf Graphic file (type pdf)
<use ./figures//33.pdf>
Package pdftex.def Info: ./figures//33.pdf  used on input line 697.
(pdftex.def)             Requested size: 176.59045pt x 140.81706pt.


pdfTeX warning: pdflatex.exe (file ./figures//aa.pdf): PDF inclusion: found PDF
 version <1.7>, but at most version <1.5> allowed
<./figures//aa.pdf, id=453, 395.31766pt x 312.92972pt>
File: ./figures//aa.pdf Graphic file (type pdf)
<use ./figures//aa.pdf>
Package pdftex.def Info: ./figures//aa.pdf  used on input line 715.
(pdftex.def)             Requested size: 227.62204pt x 180.18149pt.

LaTeX Warning: `h' float specifier changed to `ht'.


Package fancyhdr Warning: \headheight is too small (12.0pt): 
(fancyhdr)                Make it at least 13.59999pt, for example:
(fancyhdr)                \setlength{\headheight}{13.59999pt}.
(fancyhdr)                You might also make \topmargin smaller to compensate:

(fancyhdr)                \addtolength{\topmargin}{-1.59999pt}.

[18 <./figures//julei.pdf> <./figures//22.pdf> <./figures//11.pdf> <./figures//
44.pdf> <./figures//33.pdf>]
! Illegal unit of measure (pt inserted).
<to be read again> 
                   !
l.737 Simple &   \hspace*{32.2}
                                9.54 \\
? 
! Illegal unit of measure (pt inserted).
<to be read again> 
                   !
l.738   Ordinary & \hspace*{32.2}
                                    14.09 \\
? 
! Illegal unit of measure (pt inserted).
<to be read again> 
                   !
l.739   Rather difficult & \hspace*{32.2}
                                            13.63 \\
? 
! Illegal unit of measure (pt inserted).
<to be read again> 
                   !
l.740   difficult & \hspace*{32.2}
                                     62.73 \\\bottomrule
? 


pdfTeX warning: pdflatex.exe (file ./figures//barchart.pdf): PDF inclusion: fou
nd PDF version <1.7>, but at most version <1.5> allowed
<./figures//barchart.pdf, id=477, 493.845pt x 344.03531pt>
File: ./figures//barchart.pdf Graphic file (type pdf)
<use ./figures//barchart.pdf>
Package pdftex.def Info: ./figures//barchart.pdf  used on input line 753.
(pdftex.def)             Requested size: 199.16928pt x 138.74559pt.

LaTeX Warning: `h' float specifier changed to `ht'.


Package fancyhdr Warning: \headheight is too small (12.0pt): 
(fancyhdr)                Make it at least 13.59999pt, for example:
(fancyhdr)                \setlength{\headheight}{13.59999pt}.
(fancyhdr)                You might also make \topmargin smaller to compensate:

(fancyhdr)                \addtolength{\topmargin}{-1.59999pt}.

[19 <./figures//aa.pdf>]

pdfTeX warning: pdflatex.exe (file ./figures//Q4.pdf): PDF inclusion: found PDF
 version <1.7>, but at most version <1.5> allowed
<./figures//Q4.pdf, id=487, 517.935pt x 179.92218pt>
File: ./figures//Q4.pdf Graphic file (type pdf)
<use ./figures//Q4.pdf>
Package pdftex.def Info: ./figures//Q4.pdf  used on input line 762.
(pdftex.def)             Requested size: 284.52756pt x 98.84494pt.


pdfTeX warning: pdflatex.exe (file ./figures//predictafter.pdf): PDF inclusion:
 found PDF version <1.7>, but at most version <1.5> allowed
<./figures//predictafter.pdf, id=488, 741.52031pt x 395.22656pt>
File: ./figures//predictafter.pdf Graphic file (type pdf)
<use ./figures//predictafter.pdf>
Package pdftex.def Info: ./figures//predictafter.pdf  used on input line 772.
(pdftex.def)             Requested size: 227.62204pt x 121.31886pt.

Package fancyhdr Warning: \headheight is too small (12.0pt): 
(fancyhdr)                Make it at least 13.59999pt, for example:
(fancyhdr)                \setlength{\headheight}{13.59999pt}.
(fancyhdr)                You might also make \topmargin smaller to compensate:

(fancyhdr)                \addtolength{\topmargin}{-1.59999pt}.

[20 <./figures//barchart.pdf> <./figures//Q4.pdf> <./figures//predictafter.pdf>
]
! Misplaced \noalign.
\midrule ->\noalign 
                    {\ifnum 0=`}\fi \@aboverulesep =\aboverulesep \global \@...
l.788 \midrule
              
? 
! Misplaced \omit.
\multispan ->\omit 
                   \@multispan 
l.789 S
       ig. two-sided hypothesis &  .000 & \\
? 
! Extra alignment tab has been changed to \cr.
<recently read> \endtemplate 
                             
l.789 S
       ig. two-sided hypothesis &  .000 & \\
? 


pdfTeX warning: pdflatex.exe (file ./figures//mountain.pdf): PDF inclusion: fou
nd PDF version <1.7>, but at most version <1.5> allowed
<./figures//mountain.pdf, id=502, 1370.11874pt x 913.91437pt>
File: ./figures//mountain.pdf Graphic file (type pdf)
<use ./figures//mountain.pdf>
Package pdftex.def Info: ./figures//mountain.pdf  used on input line 802.
(pdftex.def)             Requested size: 227.62204pt x 151.8213pt.


pdfTeX warning: pdflatex.exe (file ./figures//linechart.pdf): PDF inclusion: fo
und PDF version <1.7>, but at most version <1.5> allowed
<./figures//linechart.pdf, id=503, 451.71072pt x 250.9504pt>
File: ./figures//linechart.pdf Graphic file (type pdf)
<use ./figures//linechart.pdf>
Package pdftex.def Info: ./figures//linechart.pdf  used on input line 811.
(pdftex.def)             Requested size: 227.62204pt x 126.45515pt.

LaTeX Warning: `h' float specifier changed to `ht'.


Package fancyhdr Warning: \headheight is too small (12.0pt): 
(fancyhdr)                Make it at least 13.59999pt, for example:
(fancyhdr)                \setlength{\headheight}{13.59999pt}.
(fancyhdr)                You might also make \topmargin smaller to compensate:

(fancyhdr)                \addtolength{\topmargin}{-1.59999pt}.

[21 <./figures//mountain.pdf>]
! Misplaced alignment tab character &.
l.844 ...nter is good, the predicted data in x=1 &
                                                   x=7 or more is not quite ...

? 

Overfull \hbox (26.61172pt too wide) in paragraph at lines 867--868
[][]$\T1/pcr/m/n/12 https : / / morningconsult . com / form / top-[]mobile-[]ga
mes-[]us-[]january-[]2022/$[] 
 []

! Misplaced alignment tab character &.
l.873 \bibitem{6}Schriefers, H., &
                                   Teruel, E. (2000). The influence of morph...

? 

Package fancyhdr Warning: \headheight is too small (12.0pt): 
(fancyhdr)                Make it at least 13.59999pt, for example:
(fancyhdr)                \setlength{\headheight}{13.59999pt}.
(fancyhdr)                You might also make \topmargin smaller to compensate:

(fancyhdr)                \addtolength{\topmargin}{-1.59999pt}.

[22 <./figures//linechart.pdf>]
! Misplaced alignment tab character &.
l.886 ...eristics (the standards we use are mean &
                                                   standard derivation). The...

? 

! LaTeX Error: There's no line here to end.

See the LaTeX manual or LaTeX Companion for explanation.
Type  H <return>  for immediate help.
 ...                                              
                                                  
l.895 \\
        
? 

! LaTeX Error: There's no line here to end.

See the LaTeX manual or LaTeX Companion for explanation.
Type  H <return>  for immediate help.
 ...                                              
                                                  
l.896 S
       incerely,
? 

AED: lastpage setting LastPage

Package fancyhdr Warning: \headheight is too small (12.0pt): 
(fancyhdr)                Make it at least 13.59999pt, for example:
(fancyhdr)                \setlength{\headheight}{13.59999pt}.
(fancyhdr)                You might also make \topmargin smaller to compensate:

(fancyhdr)                \addtolength{\topmargin}{-1.59999pt}.

[23] (./mcmthesis-demo.aux)

LaTeX Warning: There were multiply-defined labels.

Package rerunfilecheck Info: File `mcmthesis-demo.out' has not changed.
(rerunfilecheck)             Checksum: 2251436387D8A90CF8AB6CFF3EB12CB4;6346.
 ) 
Here is how much of TeX's memory you used:
 18239 strings out of 478268
 288942 string characters out of 5850344
 964299 words of memory out of 5000000
 35948 multiletter control sequences out of 15000+600000
 520476 words of font info for 87 fonts, out of 8000000 for 9000
 1141 hyphenation exceptions out of 8191
 75i,12n,117p,1049b,1672s stack positions out of 10000i,1000n,20000p,200000b,200000s
{d:/exe/texlive/2022/texmf-dist/fonts/enc/dvips/base/8r.enc}{d:/exe/texlive/2
022/texmf-dist/fonts/enc/dvips/tex-gyre/q-ts1.enc}{d:/exe/texlive/2022/texmf-di
st/fonts/enc/dvips/newtx/ntx-ec-tlf.enc}<d:/exe/texlive/2022/texmf-dist/fonts/t
ype1/public/amsfonts/cm/cmex10.pfb><d:/exe/texlive/2022/texmf-dist/fonts/type1/
public/amsfonts/cm/cmmi12.pfb><d:/exe/texlive/2022/texmf-dist/fonts/type1/publi
c/amsfonts/cm/cmmi8.pfb><d:/exe/texlive/2022/texmf-dist/fonts/type1/public/amsf
onts/cm/cmr12.pfb><d:/exe/texlive/2022/texmf-dist/fonts/type1/public/amsfonts/c
m/cmr8.pfb><d:/exe/texlive/2022/texmf-dist/fonts/type1/public/amsfonts/cm/cmsy1
0.pfb><d:/exe/texlive/2022/texmf-dist/fonts/type1/public/amsfonts/cm/cmsy8.pfb>
<d:/exe/texlive/2022/texmf-dist/fonts/type1/public/tex-gyre/qtmr.pfb><d:/exe/te
xlive/2022/texmf-dist/fonts/type1/urw/courier/ucrb8a.pfb><d:/exe/texlive/2022/t
exmf-dist/fonts/type1/urw/courier/ucrr8a.pfb><d:/exe/texlive/2022/texmf-dist/fo
nts/type1/urw/helvetic/uhvb8a.pfb><d:/exe/texlive/2022/texmf-dist/fonts/type1/u
rw/helvetic/uhvr8a.pfb><d:/exe/texlive/2022/texmf-dist/fonts/type1/public/newtx
/ztmb.pfb><d:/exe/texlive/2022/texmf-dist/fonts/type1/public/newtx/ztmr.pfb>
Output written on mcmthesis-demo.pdf (24 pages, 1648799 bytes).
PDF statistics:
 626 PDF objects out of 1000 (max. 8388607)
 467 compressed objects within 5 object streams
 135 named destinations out of 1000 (max. 500000)
 523 words of extra memory for PDF output out of 10000 (max. 10000000)

