\BOOKMARK [1][-]{section.1}{\376\377\000I\000n\000t\000r\000o\000d\000u\000c\000t\000i\000o\000n}{}% 1
\BOOKMARK [2][-]{subsection.1.1}{\376\377\000P\000r\000o\000b\000l\000e\000m\000\040\000B\000a\000c\000k\000g\000r\000o\000u\000n\000d}{section.1}% 2
\BOOKMARK [2][-]{subsection.1.2}{\376\377\000L\000i\000t\000e\000r\000a\000l\000\040\000R\000e\000v\000i\000e\000w}{section.1}% 3
\BOOKMARK [2][-]{subsection.1.3}{\376\377\000O\000u\000r\000\040\000W\000o\000r\000k}{section.1}% 4
\BOOKMARK [1][-]{section.2}{\376\377\000P\000r\000e\000p\000a\000r\000a\000t\000i\000o\000n\000\040\000o\000f\000\040\000t\000h\000e\000\040\000M\000o\000d\000e\000l\000s}{}% 5
\BOOKMARK [2][-]{subsection.2.1}{\376\377\000D\000a\000t\000a\000\040\000P\000r\000o\000c\000e\000s\000s\000i\000n\000g}{section.2}% 6
\BOOKMARK [2][-]{subsection.2.2}{\376\377\000N\000o\000t\000a\000t\000i\000o\000n}{section.2}% 7
\BOOKMARK [2][-]{subsection.2.3}{\376\377\000O\000v\000e\000r\000a\000l\000l\000\040\000F\000l\000o\000w\000c\000h\000a\000r\000t}{section.2}% 8
\BOOKMARK [1][-]{section.3}{\376\377\000V\000a\000r\000i\000a\000t\000i\000o\000n\000\040\000t\000o\000w\000a\000r\000d\000s\000\040\000t\000i\000m\000e\000\040\000m\000o\000d\000e\000l\000\040}{}% 9
\BOOKMARK [2][-]{subsection.3.1}{\376\377\000P\000r\000o\000b\000l\000e\000m\000\040\000A\000n\000a\000l\000y\000s\000i\000s}{section.3}% 10
\BOOKMARK [3][-]{subsubsection.3.1.1}{\376\377\000P\000r\000o\000b\000l\000e\000m\000\040\000R\000e\000s\000t\000a\000t\000e\000m\000e\000n\000t}{subsection.3.1}% 11
\BOOKMARK [3][-]{subsubsection.3.1.2}{\376\377\000F\000l\000o\000w\000c\000h\000a\000r\000t}{subsection.3.1}% 12
\BOOKMARK [2][-]{subsection.3.2}{\376\377\000M\000o\000d\000e\000l\000\040\000C\000o\000n\000s\000t\000r\000u\000c\000t\000i\000o\000n}{section.3}% 13
\BOOKMARK [3][-]{subsubsection.3.2.1}{\376\377\000M\000o\000d\000e\000l\000\040\000P\000r\000i\000n\000c\000i\000p\000l\000e}{subsection.3.2}% 14
\BOOKMARK [3][-]{subsubsection.3.2.2}{\376\377\000M\000o\000d\000e\000l\000\040\000A\000s\000s\000u\000m\000p\000t\000i\000o\000n}{subsection.3.2}% 15
\BOOKMARK [3][-]{subsubsection.3.2.3}{\376\377\000M\000a\000i\000n\000\040\000M\000o\000d\000e\000l}{subsection.3.2}% 16
\BOOKMARK [2][-]{subsection.3.3}{\376\377\000R\000e\000s\000u\000l\000t}{section.3}% 17
\BOOKMARK [3][-]{subsubsection.3.3.1}{\376\377\000S\000p\000e\000c\000i\000f\000i\000c\000a\000l\000l\000y\000\040\000o\000n\000\040\000M\000a\000r\000c\000h\000\040\0001\000,\000\040\0002\0000\0002\0003}{subsection.3.3}% 18
\BOOKMARK [3][-]{subsubsection.3.3.2}{\376\377\000R\000a\000n\000d\000o\000m\000\040\000f\000o\000r\000e\000s\000t\000\040\000m\000e\000t\000h\000o\000d}{subsection.3.3}% 19
\BOOKMARK [2][-]{subsection.3.4}{\376\377\000S\000e\000n\000s\000i\000t\000i\000v\000i\000t\000y\000\040\000A\000n\000a\000l\000y\000s\000i\000s\000\040}{section.3}% 20
\BOOKMARK [1][-]{section.4}{\376\377\000I\000n\000f\000l\000u\000e\000n\000c\000e\000\040\000o\000f\000\040\000W\000o\000r\000d\000\040\000A\000t\000t\000r\000i\000b\000u\000t\000e\000s\000\040\000o\000n\000\040\000H\000a\000r\000d\000\040\000C\000h\000o\000i\000c\000e\000s}{}% 21
\BOOKMARK [2][-]{subsection.4.1}{\376\377\000P\000r\000o\000b\000l\000e\000m\000\040\000A\000n\000a\000l\000y\000s\000i\000s}{section.4}% 22
\BOOKMARK [2][-]{subsection.4.2}{\376\377\000M\000o\000d\000e\000l\000\040\000C\000o\000n\000s\000t\000r\000u\000c\000t\000i\000o\000n}{section.4}% 23
\BOOKMARK [3][-]{subsubsection.4.2.1}{\376\377\000M\000o\000d\000e\000l\000\040\000A\000s\000s\000u\000m\000p\000t\000i\000o\000n}{subsection.4.2}% 24
\BOOKMARK [3][-]{subsubsection.4.2.2}{\376\377\000M\000a\000i\000n\000\040\000M\000o\000d\000e\000l}{subsection.4.2}% 25
\BOOKMARK [2][-]{subsection.4.3}{\376\377\000R\000e\000s\000u\000l\000t}{section.4}% 26
\BOOKMARK [1][-]{section.5}{\376\377\000P\000r\000e\000d\000i\000c\000t\000\040\000t\000h\000e\000\040\000D\000i\000s\000t\000r\000i\000b\000u\000t\000i\000o\000n}{}% 27
\BOOKMARK [2][-]{subsection.5.1}{\376\377\000P\000r\000o\000b\000l\000e\000m\000\040\000A\000n\000a\000l\000y\000s\000i\000s}{section.5}% 28
\BOOKMARK [2][-]{subsection.5.2}{\376\377\000M\000o\000d\000e\000l\000\040\000C\000o\000n\000s\000t\000r\000u\000c\000t\000i\000o\000n}{section.5}% 29
\BOOKMARK [3][-]{subsubsection.5.2.1}{\376\377\000M\000o\000d\000e\000l\000\040\000P\000r\000i\000n\000c\000i\000p\000l\000e}{subsection.5.2}% 30
\BOOKMARK [3][-]{subsubsection.5.2.2}{\376\377\000M\000o\000d\000e\000l\000\040\000A\000s\000s\000u\000m\000p\000t\000i\000o\000n}{subsection.5.2}% 31
\BOOKMARK [3][-]{subsubsection.5.2.3}{\376\377\000T\000h\000e\000\040\000F\000o\000u\000r\000\040\000N\000e\000w\000\040\000V\000a\000r\000i\000a\000n\000t\000s}{subsection.5.2}% 32
\BOOKMARK [2][-]{subsection.5.3}{\376\377\000R\000e\000s\000u\000l\000t}{section.5}% 33
\BOOKMARK [1][-]{section.6}{\376\377\000C\000l\000a\000s\000s\000i\000f\000y\000\040\000W\000o\000r\000d\000s\000\040\000M\000o\000d\000e\000l}{}% 34
\BOOKMARK [2][-]{subsection.6.1}{\376\377\000P\000r\000o\000b\000l\000e\000m\000\040\000A\000n\000a\000l\000y\000s\000i\000s}{section.6}% 35
\BOOKMARK [3][-]{subsubsection.6.1.1}{\376\377\000F\000l\000o\000w\000c\000h\000a\000r\000t}{subsection.6.1}% 36
\BOOKMARK [2][-]{subsection.6.2}{\376\377\000M\000o\000d\000e\000l\000\040\000C\000o\000n\000s\000t\000r\000u\000c\000t\000i\000o\000n}{section.6}% 37
\BOOKMARK [3][-]{subsubsection.6.2.1}{\376\377\000M\000o\000d\000e\000l\000\040\000P\000r\000i\000n\000c\000i\000p\000l\000e}{subsection.6.2}% 38
\BOOKMARK [3][-]{subsubsection.6.2.2}{\376\377\000M\000o\000d\000e\000l\000\040\000A\000s\000s\000u\000m\000p\000t\000i\000o\000n}{subsection.6.2}% 39
\BOOKMARK [3][-]{subsubsection.6.2.3}{\376\377\000M\000a\000i\000n\000\040\000M\000o\000d\000e\000l}{subsection.6.2}% 40
\BOOKMARK [1][-]{section.7}{\376\377\000i\000n\000t\000e\000r\000e\000s\000t\000i\000n\000g\000\040\000f\000e\000a\000t\000u\000r\000e\000s}{}% 41
\BOOKMARK [1][-]{section.8}{\376\377\000S\000t\000r\000e\000n\000g\000t\000h\000s\000\040\000a\000n\000d\000\040\000w\000e\000a\000k\000n\000e\000s\000s\000e\000s}{}% 42
\BOOKMARK [2][-]{subsection.8.1}{\376\377\000S\000t\000r\000e\000n\000g\000t\000h\000s}{section.8}% 43
\BOOKMARK [2][-]{subsection.8.2}{\376\377\000W\000e\000a\000k\000n\000e\000s\000s\000e\000s}{section.8}% 44
